[+] Containers:
 |- [+] Container: /Game/Location_1
 |   |- [+] ActorDescs:
 |   |   |- Guid:045ADDB54A8A9D7BA6CD7086AB547844 BaseClass: NativeClass:/Script/NavigationSystem.NavMeshBoundsVolume Name:NavMeshBoundsVolume_UAID_A8A15976A94B5A6801_1111458830 Label:NavMeshBoundsVolume SpatiallyLoaded:0 Bounds:IsValid=true, Min=(X=5.000 Y=-3.003 Z=-54.327), Max=(X=2997.000 Y=3497.003 Z=564.327) RuntimeGrid:None EditorOnly:0 RuntimeOnly:0 HLODRelevant:0
 |   |   |- Guid:26CDA2034AC2C3953BF73898CB6B39E4 BaseClass: NativeClass:/Script/Engine.StaticMeshActor Name:StaticMeshActor_UAID_A8A15976A94B316601_1944708497 Label:Door_Cylinder SpatiallyLoaded:1 Bounds:IsValid=true, Min=(X=887.667 Y=1397.229 Z=0.000), Max=(X=887.667 Y=1397.229 Z=0.000) RuntimeGrid:None EditorOnly:0 RuntimeOnly:0 HLODRelevant:0
 |   |   |- Guid:3A971F8F4E5FEB4DC4A1EFBC2A76FBFE BaseClass:/Game/Project_Folder/Marketplace/GoodSky/Blueprint/BP_GoodSky.BP_GoodSky_C NativeClass:/Script/Engine.Actor Name:BP_GoodSky_C_UAID_A8A15976A94BAF6801_1632456794 Label:BP_GoodSky SpatiallyLoaded:1 Bounds:IsValid=true, Min=(X=-2291148.337 Y=-2291147.926 Z=-1594095.382), Max=(X=2291148.508 Y=2291149.004 Z=1593539.382) RuntimeGrid:None EditorOnly:0 RuntimeOnly:0 HLODRelevant:0
 |   |   |- Guid:400A53674955142809A221A0D908CD0C BaseClass: NativeClass:/Script/Engine.StaticMeshActor Name:StaticMeshActor_UAID_A8A15976A94B326601_1194304682 Label:Door_Frame SpatiallyLoaded:1 Bounds:IsValid=true, Min=(X=919.930 Y=1455.765 Z=-0.000), Max=(X=919.930 Y=1455.765 Z=-0.000) RuntimeGrid:None EditorOnly:0 RuntimeOnly:0 HLODRelevant:0
 |   |   |- Guid:5E4C33084B1A31EC83C954B4FAEF34B1 BaseClass: NativeClass:/Script/Engine.PlayerStart Name:PlayerStart_0 Label:PlayerStart SpatiallyLoaded:0 Bounds:IsValid=true, Min=(X=304.424 Y=669.813 Z=0.013), Max=(X=413.706 Y=779.095 Z=184.013) RuntimeGrid:None EditorOnly:0 RuntimeOnly:0 HLODRelevant:0
 |   |   |- Guid:6AFF1BCB42CC964B047BDCAC849AE019 BaseClass: NativeClass:/Script/Engine.TriggerBox Name:TriggerBox_UAID_A8A15976A94B2F6801_1245831263 Label:TriggerBox SpatiallyLoaded:1 Bounds:IsValid=true, Min=(X=6.788 Y=1.293 Z=241.000), Max=(X=193.212 Y=198.707 Z=321.000) RuntimeGrid:None EditorOnly:0 RuntimeOnly:0 HLODRelevant:0
 |   |   |- Guid:7221BF0242E8E7ABF3150A8D91A0669B BaseClass: NativeClass:/Script/Engine.StaticMeshActor Name:StaticMeshActor_UAID_A8A15976A94B326601_1194321683 Label:Door SpatiallyLoaded:1 Bounds:IsValid=true, Min=(X=919.930 Y=1455.765 Z=-0.000), Max=(X=919.930 Y=1455.765 Z=-0.000) RuntimeGrid:None EditorOnly:0 RuntimeOnly:0 HLODRelevant:0
 |   |   |- Guid:736DB37F4C529352F9018598B5E00AAD BaseClass: NativeClass:/Script/Engine.StaticMeshActor Name:StaticMeshActor_UAID_A8A15976A94B326601_1312879685 Label:Door_Frame2 SpatiallyLoaded:1 Bounds:IsValid=true, Min=(X=969.945 Y=1484.248 Z=-0.000), Max=(X=969.945 Y=1484.248 Z=-0.000) RuntimeGrid:None EditorOnly:0 RuntimeOnly:0 HLODRelevant:0
 |   |   |- Guid:7F0D566E4E44C9DD02E3E08AEA12E23F BaseClass: NativeClass:/Script/Engine.ExponentialHeightFog Name:ExponentialHeightFog_UAID_A8A15976A94BAD6801_1712566439 Label:ExponentialHeightFog SpatiallyLoaded:0 Bounds:IsValid=true, Min=(X=0.000 Y=0.000 Z=21.000), Max=(X=0.000 Y=0.000 Z=21.000) RuntimeGrid:None EditorOnly:0 RuntimeOnly:0 HLODRelevant:0
 |   |   |- Guid:967EBCE34D5C30F29339FA8AF604A5FD BaseClass: NativeClass:/Script/Engine.PostProcessVolume Name:PostProcessVolume_0 Label:PostProcessVolume SpatiallyLoaded:0 Bounds:IsValid=true, Min=(X=0.000 Y=0.000 Z=400.000), Max=(X=200.000 Y=200.000 Z=600.000) RuntimeGrid:None EditorOnly:0 RuntimeOnly:0 HLODRelevant:0 FolderPath:Lighting FolderGuid:963EC3EB4002CCE9759E2EBA541A873A
 |   |   |- Guid:9C575AD847714674BEB04DBC656A61E4 BaseClass: NativeClass:/Script/Engine.StaticMeshActor Name:StaticMeshActor_1 Label:SM_Cube SpatiallyLoaded:1 Bounds:IsValid=true, Min=(X=0.000 Y=0.000 Z=-50.000), Max=(X=3000.000 Y=3500.000 Z=0.000) RuntimeGrid:None EditorOnly:0 RuntimeOnly:0 HLODRelevant:1 FolderPath:Playground FolderGuid:C73F09FC4215536B1DCE2A9E0A830C70
 |   |   |- Guid:A1315A0E4A28202A58F386811675F9B3 BaseClass: NativeClass:/Script/Engine.StaticMeshActor Name:StaticMeshActor_UAID_A8A15976A94B326601_1312861684 Label:Door2 SpatiallyLoaded:1 Bounds:IsValid=true, Min=(X=969.945 Y=1484.248 Z=-0.000), Max=(X=969.945 Y=1484.248 Z=-0.000) RuntimeGrid:None EditorOnly:0 RuntimeOnly:0 HLODRelevant:0
 |   |   |- Guid:B4C1E43649436DE091D0F1AFAD57A6C5 BaseClass: NativeClass:/Script/Engine.DirectionalLight Name:DirectionalLight_0 Label:DirectionalLight SpatiallyLoaded:0 Bounds:IsValid=true, Min=(X=-4398046511104.000 Y=-4398046511104.000 Z=-4398046511104.000), Max=(X=4398046511104.000 Y=4398046511104.000 Z=4398046511104.000) RuntimeGrid:None EditorOnly:0 RuntimeOnly:0 HLODRelevant:0 FolderPath:Lighting FolderGuid:963EC3EB4002CCE9759E2EBA541A873A
 |   |   |- Guid:B92836B24B77927EF5F8E2A545CE410B BaseClass: NativeClass:/Script/Engine.WorldDataLayers Name:WorldDataLayers Label:WorldDataLayers SpatiallyLoaded:0 Bounds:IsValid=true, Min=(X=0.000 Y=0.000 Z=0.000), Max=(X=0.000 Y=0.000 Z=0.000) RuntimeGrid:None EditorOnly:0 RuntimeOnly:0 HLODRelevant:0
 |   |   |- Guid:BF79106A4CD1F52F80185E9DE04A309C BaseClass: NativeClass:/Script/NavigationSystem.RecastNavMesh Name:RecastNavMesh_UAID_A8A15976A94B5A6801-Default Label:RecastNavMesh-Default SpatiallyLoaded:0 Bounds:IsValid=true, Min=(X=0.000 Y=0.000 Z=0.000), Max=(X=0.000 Y=0.000 Z=0.000) RuntimeGrid:None EditorOnly:0 RuntimeOnly:0 HLODRelevant:0
 |   |   |- Guid:D66C42904AF19370183BBBB8C9513A26 BaseClass: NativeClass:/Script/LevelSequence.LevelSequenceActor Name:LevelSequenceActor_UAID_A8A15976A94B2E6801_1630361086 Label:Chest_Open_Sequence SpatiallyLoaded:0 Bounds:IsValid=true, Min=(X=0.000 Y=0.000 Z=-114.000), Max=(X=0.000 Y=0.000 Z=-114.000) RuntimeGrid:None EditorOnly:0 RuntimeOnly:0 HLODRelevant:0
 |   |- [+] Clusters:
 |   |   |- [+] [  0]
 |   |   |   |- Guid:B92836B24B77927EF5F8E2A545CE410B BaseClass: NativeClass:/Script/Engine.WorldDataLayers Name:WorldDataLayers Label:WorldDataLayers SpatiallyLoaded:0 Bounds:IsValid=true, Min=(X=0.000 Y=0.000 Z=0.000), Max=(X=0.000 Y=0.000 Z=0.000) RuntimeGrid:None EditorOnly:0 RuntimeOnly:0 HLODRelevant:0
 |   |   |- [+] [  1]
 |   |   |   |- Guid:3A971F8F4E5FEB4DC4A1EFBC2A76FBFE BaseClass:/Game/Project_Folder/Marketplace/GoodSky/Blueprint/BP_GoodSky.BP_GoodSky_C NativeClass:/Script/Engine.Actor Name:BP_GoodSky_C_UAID_A8A15976A94BAF6801_1632456794 Label:BP_GoodSky SpatiallyLoaded:1 Bounds:IsValid=true, Min=(X=-2291148.337 Y=-2291147.926 Z=-1594095.382), Max=(X=2291148.508 Y=2291149.004 Z=1593539.382) RuntimeGrid:None EditorOnly:0 RuntimeOnly:0 HLODRelevant:0
 |   |   |- [+] [  2]
 |   |   |   |- Guid:7221BF0242E8E7ABF3150A8D91A0669B BaseClass: NativeClass:/Script/Engine.StaticMeshActor Name:StaticMeshActor_UAID_A8A15976A94B326601_1194321683 Label:Door SpatiallyLoaded:1 Bounds:IsValid=true, Min=(X=919.930 Y=1455.765 Z=-0.000), Max=(X=919.930 Y=1455.765 Z=-0.000) RuntimeGrid:None EditorOnly:0 RuntimeOnly:0 HLODRelevant:0
 |   |   |- [+] [  3]
 |   |   |   |- Guid:26CDA2034AC2C3953BF73898CB6B39E4 BaseClass: NativeClass:/Script/Engine.StaticMeshActor Name:StaticMeshActor_UAID_A8A15976A94B316601_1944708497 Label:Door_Cylinder SpatiallyLoaded:1 Bounds:IsValid=true, Min=(X=887.667 Y=1397.229 Z=0.000), Max=(X=887.667 Y=1397.229 Z=0.000) RuntimeGrid:None EditorOnly:0 RuntimeOnly:0 HLODRelevant:0
 |   |   |- [+] [  4]
 |   |   |   |- Guid:736DB37F4C529352F9018598B5E00AAD BaseClass: NativeClass:/Script/Engine.StaticMeshActor Name:StaticMeshActor_UAID_A8A15976A94B326601_1312879685 Label:Door_Frame2 SpatiallyLoaded:1 Bounds:IsValid=true, Min=(X=969.945 Y=1484.248 Z=-0.000), Max=(X=969.945 Y=1484.248 Z=-0.000) RuntimeGrid:None EditorOnly:0 RuntimeOnly:0 HLODRelevant:0
 |   |   |- [+] [  5]
 |   |   |   |- Guid:BF79106A4CD1F52F80185E9DE04A309C BaseClass: NativeClass:/Script/NavigationSystem.RecastNavMesh Name:RecastNavMesh_UAID_A8A15976A94B5A6801-Default Label:RecastNavMesh-Default SpatiallyLoaded:0 Bounds:IsValid=true, Min=(X=0.000 Y=0.000 Z=0.000), Max=(X=0.000 Y=0.000 Z=0.000) RuntimeGrid:None EditorOnly:0 RuntimeOnly:0 HLODRelevant:0
 |   |   |- [+] [  6]
 |   |   |   |- Guid:967EBCE34D5C30F29339FA8AF604A5FD BaseClass: NativeClass:/Script/Engine.PostProcessVolume Name:PostProcessVolume_0 Label:PostProcessVolume SpatiallyLoaded:0 Bounds:IsValid=true, Min=(X=0.000 Y=0.000 Z=400.000), Max=(X=200.000 Y=200.000 Z=600.000) RuntimeGrid:None EditorOnly:0 RuntimeOnly:0 HLODRelevant:0 FolderPath:Lighting FolderGuid:963EC3EB4002CCE9759E2EBA541A873A
 |   |   |- [+] [  7]
 |   |   |   |- Guid:D66C42904AF19370183BBBB8C9513A26 BaseClass: NativeClass:/Script/LevelSequence.LevelSequenceActor Name:LevelSequenceActor_UAID_A8A15976A94B2E6801_1630361086 Label:Chest_Open_Sequence SpatiallyLoaded:0 Bounds:IsValid=true, Min=(X=0.000 Y=0.000 Z=-114.000), Max=(X=0.000 Y=0.000 Z=-114.000) RuntimeGrid:None EditorOnly:0 RuntimeOnly:0 HLODRelevant:0
 |   |   |- [+] [  8]
 |   |   |   |- Guid:9C575AD847714674BEB04DBC656A61E4 BaseClass: NativeClass:/Script/Engine.StaticMeshActor Name:StaticMeshActor_1 Label:SM_Cube SpatiallyLoaded:1 Bounds:IsValid=true, Min=(X=0.000 Y=0.000 Z=-50.000), Max=(X=3000.000 Y=3500.000 Z=0.000) RuntimeGrid:None EditorOnly:0 RuntimeOnly:0 HLODRelevant:1 FolderPath:Playground FolderGuid:C73F09FC4215536B1DCE2A9E0A830C70
 |   |   |- [+] [  9]
 |   |   |   |- Guid:400A53674955142809A221A0D908CD0C BaseClass: NativeClass:/Script/Engine.StaticMeshActor Name:StaticMeshActor_UAID_A8A15976A94B326601_1194304682 Label:Door_Frame SpatiallyLoaded:1 Bounds:IsValid=true, Min=(X=919.930 Y=1455.765 Z=-0.000), Max=(X=919.930 Y=1455.765 Z=-0.000) RuntimeGrid:None EditorOnly:0 RuntimeOnly:0 HLODRelevant:0
 |   |   |- [+] [ 10]
 |   |   |   |- Guid:7F0D566E4E44C9DD02E3E08AEA12E23F BaseClass: NativeClass:/Script/Engine.ExponentialHeightFog Name:ExponentialHeightFog_UAID_A8A15976A94BAD6801_1712566439 Label:ExponentialHeightFog SpatiallyLoaded:0 Bounds:IsValid=true, Min=(X=0.000 Y=0.000 Z=21.000), Max=(X=0.000 Y=0.000 Z=21.000) RuntimeGrid:None EditorOnly:0 RuntimeOnly:0 HLODRelevant:0
 |   |   |- [+] [ 11]
 |   |   |   |- Guid:045ADDB54A8A9D7BA6CD7086AB547844 BaseClass: NativeClass:/Script/NavigationSystem.NavMeshBoundsVolume Name:NavMeshBoundsVolume_UAID_A8A15976A94B5A6801_1111458830 Label:NavMeshBoundsVolume SpatiallyLoaded:0 Bounds:IsValid=true, Min=(X=5.000 Y=-3.003 Z=-54.327), Max=(X=2997.000 Y=3497.003 Z=564.327) RuntimeGrid:None EditorOnly:0 RuntimeOnly:0 HLODRelevant:0
 |   |   |- [+] [ 12]
 |   |   |   |- Guid:5E4C33084B1A31EC83C954B4FAEF34B1 BaseClass: NativeClass:/Script/Engine.PlayerStart Name:PlayerStart_0 Label:PlayerStart SpatiallyLoaded:0 Bounds:IsValid=true, Min=(X=304.424 Y=669.813 Z=0.013), Max=(X=413.706 Y=779.095 Z=184.013) RuntimeGrid:None EditorOnly:0 RuntimeOnly:0 HLODRelevant:0
 |   |   |- [+] [ 13]
 |   |   |   |- Guid:B4C1E43649436DE091D0F1AFAD57A6C5 BaseClass: NativeClass:/Script/Engine.DirectionalLight Name:DirectionalLight_0 Label:DirectionalLight SpatiallyLoaded:0 Bounds:IsValid=true, Min=(X=-4398046511104.000 Y=-4398046511104.000 Z=-4398046511104.000), Max=(X=4398046511104.000 Y=4398046511104.000 Z=4398046511104.000) RuntimeGrid:None EditorOnly:0 RuntimeOnly:0 HLODRelevant:0 FolderPath:Lighting FolderGuid:963EC3EB4002CCE9759E2EBA541A873A
 |   |   |- [+] [ 14]
 |   |   |   |- Guid:6AFF1BCB42CC964B047BDCAC849AE019 BaseClass: NativeClass:/Script/Engine.TriggerBox Name:TriggerBox_UAID_A8A15976A94B2F6801_1245831263 Label:TriggerBox SpatiallyLoaded:1 Bounds:IsValid=true, Min=(X=6.788 Y=1.293 Z=241.000), Max=(X=193.212 Y=198.707 Z=321.000) RuntimeGrid:None EditorOnly:0 RuntimeOnly:0 HLODRelevant:0
 |   |   |- [+] [ 15]
 |   |   |   |- Guid:A1315A0E4A28202A58F386811675F9B3 BaseClass: NativeClass:/Script/Engine.StaticMeshActor Name:StaticMeshActor_UAID_A8A15976A94B326601_1312861684 Label:Door2 SpatiallyLoaded:1 Bounds:IsValid=true, Min=(X=969.945 Y=1484.248 Z=-0.000), Max=(X=969.945 Y=1484.248 Z=-0.000) RuntimeGrid:None EditorOnly:0 RuntimeOnly:0 HLODRelevant:0
 |- ContainerInstances:
 |- [+] MainContainer:
 |   |-        ID: 0x0000000000000000
 |   |-    Bounds: IsValid=false, Min=(X=0.000 Y=0.000 Z=0.000), Max=(X=0.000 Y=0.000 Z=0.000)
 |   |- Transform: 0.000000,0.000000,0.000000|0.000000,0.000000,-0.000000|1.000000,1.000000,1.000000
 |   |- Container: /Game/Location_1
----------------------------------------------------------------------------------------------------------------
Location_1 - Persistent Level
----------------------------------------------------------------------------------------------------------------
Always loaded Actor Count: 23 

----------------------------------------------------------------------------------------------------------------
Location_1 - Runtime Spatial Hash - Streaming Grid - MainGrid
----------------------------------------------------------------------------------------------------------------
            Origin: X=0.000 Y=0.000 Z=0.000
         Cell Size: 12800
      World Bounds: IsValid=false, Min=(X=0.000 Y=0.000 Z=0.000), Max=(X=0.000 Y=0.000 Z=0.000)
     Loading Range: 25600.00
Block Slow Loading: No
 ClientOnlyVisible: No

[+] Grid Levels: 1
 |- Level  0: Cell Count    0 | Cell Size   12800 | Actor Count    0 (0.0%)

[+] Content of Grid Level 0

